<?xml version="1.0" encoding="UTF-8"?>
<!-- Generated by org.testng.reporters.JUnitXMLReporter -->
<testsuite ignored="0" hostname="Manuel-Rodriguez-MacBook-Pro.local" failures="0" tests="11" name="API Tests" time="6.624" errors="0" timestamp="2022-09-20T20:47:40 CST">
  <testcase classname="customers.CustomerTest" name="postCustomer" time="1.177"/>
  <testcase classname="customers.CustomerTest" name="getCustomersByID" time="0.594"/>
  <testcase classname="customers.CustomerTest" name="getCustomersByQuantity" time="0.204"/>
  <testcase classname="customers.CustomerTest" name="patchCustomerShippingAddress" time="0.385"/>
  <testcase classname="customers.CustomerTest" name="putCustomerBillingAddress" time="0.346"/>
  <testcase classname="customers.CustomerTest" name="deleteLastCustomer" time="0.518"/>
  <testcase classname="products.ProductTest" name="postProduct" time="0.292"/>
  <testcase classname="products.ProductTest" name="getProductsByQuantity" time="0.205"/>
  <testcase classname="products.ProductTest" name="patchProductName" time="0.532"/>
  <testcase classname="products.ProductTest" name="putProductDescription" time="0.454"/>
  <testcase classname="products.ProductTest" name="deleteLastProduct" time="0.602"/>
</testsuite> <!-- API Tests -->
