<?xml version="1.0" encoding="UTF-8"?>
<testng-results ignored="0" total="11" passed="11" failed="0" skipped="0">
  <reporter-output>
  </reporter-output>
  <suite started-at="2022-09-20T20:47:33 CST" name="Regression" finished-at="2022-09-20T20:47:40 CST" duration-ms="6624">
    <groups>
      <group name="Products">
        <method signature="ProductTest.deleteLastProduct(java.lang.String, java.lang.String)[pri:2, instance:products.ProductTest@4206a205]" name="deleteLastProduct" class="products.ProductTest"/>
        <method signature="ProductTest.getProductsByQuantity(java.lang.String)[pri:1, instance:products.ProductTest@4206a205]" name="getProductsByQuantity" class="products.ProductTest"/>
        <method signature="ProductTest.patchProductName(java.lang.String, java.lang.String)[pri:1, instance:products.ProductTest@4206a205]" name="patchProductName" class="products.ProductTest"/>
        <method signature="ProductTest.postProduct(java.lang.String, java.lang.String, java.lang.String)[pri:0, instance:products.ProductTest@4206a205]" name="postProduct" class="products.ProductTest"/>
        <method signature="ProductTest.putProductDescription(java.lang.String, java.lang.String, java.lang.String, java.lang.String)[pri:1, instance:products.ProductTest@4206a205]" name="putProductDescription" class="products.ProductTest"/>
      </group> <!-- Products -->
      <group name="Customers">
        <method signature="CustomerTest.deleteLastCustomer(java.lang.String, java.lang.String, java.lang.String)[pri:2, instance:customers.CustomerTest@6279cee3]" name="deleteLastCustomer" class="customers.CustomerTest"/>
        <method signature="CustomerTest.getCustomersByID(java.lang.String)[pri:1, instance:customers.CustomerTest@6279cee3]" name="getCustomersByID" class="customers.CustomerTest"/>
        <method signature="CustomerTest.getCustomersByQuantity(java.lang.String, java.lang.String)[pri:1, instance:customers.CustomerTest@6279cee3]" name="getCustomersByQuantity" class="customers.CustomerTest"/>
        <method signature="CustomerTest.patchCustomerShippingAddress(java.lang.String, java.lang.String, java.lang.String, java.lang.String, java.lang.String, java.lang.String, java.lang.String, java.lang.String, java.lang.String, java.lang.String)[pri:1, instance:customers.CustomerTest@6279cee3]" name="patchCustomerShippingAddress" class="customers.CustomerTest"/>
        <method signature="CustomerTest.postCustomer(java.lang.String, java.lang.String, java.lang.String, java.lang.String, java.lang.String)[pri:0, instance:customers.CustomerTest@6279cee3]" name="postCustomer" class="customers.CustomerTest"/>
        <method signature="CustomerTest.putCustomerBillingAddress(java.lang.String, java.lang.String, java.lang.String, java.lang.String, java.lang.String, java.lang.String, java.lang.String, java.lang.String, java.lang.String, java.lang.String, java.lang.String, java.lang.String)[pri:1, instance:customers.CustomerTest@6279cee3]" name="putCustomerBillingAddress" class="customers.CustomerTest"/>
      </group> <!-- Customers -->
    </groups>
    <test started-at="2022-09-20T20:47:33 CST" name="API Tests" finished-at="2022-09-20T20:47:40 CST" duration-ms="6624">
      <class name="products.ProductTest">
        <test-method is-config="true" signature="testSetup(java.lang.String, java.lang.String, java.lang.String, java.lang.String)[pri:0, instance:products.ProductTest@4206a205]" started-at="2022-09-20T20:47:38 CST" name="testSetup" description="Setup the customer endpoint to make the requests" finished-at="2022-09-20T20:47:38 CST" duration-ms="2" status="PASS">
          <params>
            <param index="0">
              <value>
                <![CDATA[http://0.0.0.0:8085/wp-json/wc/v3]]>
              </value>
            </param>
            <param index="1">
              <value>
                <![CDATA[/products]]>
              </value>
            </param>
            <param index="2">
              <value>
                <![CDATA[auto]]>
              </value>
            </param>
            <param index="3">
              <value>
                <![CDATA[auto]]>
              </value>
            </param>
          </params>
          <reporter-output>
          </reporter-output>
        </test-method> <!-- testSetup -->
        <test-method signature="postProduct(java.lang.String, java.lang.String, java.lang.String)[pri:0, instance:products.ProductTest@4206a205]" started-at="2022-09-20T20:47:38 CST" name="postProduct" description="Posts a new product to database" data-provider="ProductFaker" finished-at="2022-09-20T20:47:38 CST" duration-ms="292" status="PASS">
          <params>
            <param index="0">
              <value>
                <![CDATA[Mediocre Rubber Shoes]]>
              </value>
            </param>
            <param index="1">
              <value>
                <![CDATA[B000NKUUKW]]>
              </value>
            </param>
            <param index="2">
              <value>
                <![CDATA[Eum hic tempora officiis numquam quo perferendis consectetur aut sunt placeat delectus excepturi ut quod hic aut velit laboriosam a vel ad maxime molestiae quod aliquid quaerat modi et non ut consequatur sed molestiae est asperiores modi ipsam eum ut in ducimus voluptates voluptatibus enim qui quas eos distinctio ut dolore totam quasi ea sed aliquam voluptas non commodi nihil quis nostrum qui sapiente vel eum facere quae nihil ad nam non dolorum voluptatem dolores et quidem voluptas iusto voluptatibus vel quo cum aliquid at inventore praesentium facilis deserunt adipisci dolorem consequatur ut illum voluptatem minima incidunt molestiae rerum error facilis vitae natus.]]>
              </value>
            </param>
          </params>
          <reporter-output>
          </reporter-output>
        </test-method> <!-- postProduct -->
        <test-method is-config="true" signature="testSetup(java.lang.String, java.lang.String, java.lang.String, java.lang.String)[pri:0, instance:products.ProductTest@4206a205]" started-at="2022-09-20T20:47:38 CST" name="testSetup" description="Setup the customer endpoint to make the requests" finished-at="2022-09-20T20:47:38 CST" duration-ms="1" status="PASS">
          <params>
            <param index="0">
              <value>
                <![CDATA[http://0.0.0.0:8085/wp-json/wc/v3]]>
              </value>
            </param>
            <param index="1">
              <value>
                <![CDATA[/products]]>
              </value>
            </param>
            <param index="2">
              <value>
                <![CDATA[auto]]>
              </value>
            </param>
            <param index="3">
              <value>
                <![CDATA[auto]]>
              </value>
            </param>
          </params>
          <reporter-output>
          </reporter-output>
        </test-method> <!-- testSetup -->
        <test-method signature="getProductsByQuantity(java.lang.String)[pri:1, instance:products.ProductTest@4206a205]" started-at="2022-09-20T20:47:38 CST" name="getProductsByQuantity" description="Gets a predefined number of products" finished-at="2022-09-20T20:47:38 CST" duration-ms="205" status="PASS">
          <params>
            <param index="0">
              <value>
                <![CDATA[1]]>
              </value>
            </param>
          </params>
          <reporter-output>
          </reporter-output>
        </test-method> <!-- getProductsByQuantity -->
        <test-method is-config="true" signature="testSetup(java.lang.String, java.lang.String, java.lang.String, java.lang.String)[pri:0, instance:products.ProductTest@4206a205]" started-at="2022-09-20T20:47:38 CST" name="testSetup" description="Setup the customer endpoint to make the requests" finished-at="2022-09-20T20:47:38 CST" duration-ms="1" status="PASS">
          <params>
            <param index="0">
              <value>
                <![CDATA[http://0.0.0.0:8085/wp-json/wc/v3]]>
              </value>
            </param>
            <param index="1">
              <value>
                <![CDATA[/products]]>
              </value>
            </param>
            <param index="2">
              <value>
                <![CDATA[auto]]>
              </value>
            </param>
            <param index="3">
              <value>
                <![CDATA[auto]]>
              </value>
            </param>
          </params>
          <reporter-output>
          </reporter-output>
        </test-method> <!-- testSetup -->
        <test-method signature="patchProductName(java.lang.String, java.lang.String)[pri:1, instance:products.ProductTest@4206a205]" started-at="2022-09-20T20:47:38 CST" name="patchProductName" description="Patches an existing product with a new name" data-provider="ProductName" finished-at="2022-09-20T20:47:39 CST" duration-ms="532" status="PASS">
          <params>
            <param index="0">
              <value>
                <![CDATA[15]]>
              </value>
            </param>
            <param index="1">
              <value>
                <![CDATA[Gorgeous Silk Pants]]>
              </value>
            </param>
          </params>
          <reporter-output>
          </reporter-output>
        </test-method> <!-- patchProductName -->
        <test-method is-config="true" signature="testSetup(java.lang.String, java.lang.String, java.lang.String, java.lang.String)[pri:0, instance:products.ProductTest@4206a205]" started-at="2022-09-20T20:47:39 CST" name="testSetup" description="Setup the customer endpoint to make the requests" finished-at="2022-09-20T20:47:39 CST" duration-ms="0" status="PASS">
          <params>
            <param index="0">
              <value>
                <![CDATA[http://0.0.0.0:8085/wp-json/wc/v3]]>
              </value>
            </param>
            <param index="1">
              <value>
                <![CDATA[/products]]>
              </value>
            </param>
            <param index="2">
              <value>
                <![CDATA[auto]]>
              </value>
            </param>
            <param index="3">
              <value>
                <![CDATA[auto]]>
              </value>
            </param>
          </params>
          <reporter-output>
          </reporter-output>
        </test-method> <!-- testSetup -->
        <test-method signature="putProductDescription(java.lang.String, java.lang.String, java.lang.String, java.lang.String)[pri:1, instance:products.ProductTest@4206a205]" started-at="2022-09-20T20:47:39 CST" name="putProductDescription" description="Puts a new description into existing product" data-provider="ProductDescription" finished-at="2022-09-20T20:47:39 CST" duration-ms="454" status="PASS">
          <params>
            <param index="0">
              <value>
                <![CDATA[11]]>
              </value>
            </param>
            <param index="1">
              <value>
                <![CDATA[V-Neck T-Shirt]]>
              </value>
            </param>
            <param index="2">
              <value>
                <![CDATA[v-neck-t-shirt]]>
              </value>
            </param>
            <param index="3">
              <value>
                <![CDATA[Curabitur non nulla sit amet nisl tempus convallis quis ac lectus. Sed porttitor lectus nibh. Vestibulum ante ipsum primis in faucibus orci luctus et ultrices posuere cubilia Curae; Donec velit neque, auctor sit amet aliquam vel, ullamcorper sit amet ligula. Proin eget tortor risus. Cras ultricies ligula sed magna dictum porta. Quisque velit nisi, pretium ut lacinia in, elementum id enim. Vivamus suscipit tortor eget felis porttitor volutpat. Donec rutrum congue leo eget malesuada. Cras ultricies ligula sed magna dictum porta. Nulla quis lorem ut libero malesuada feugiat.]]>
              </value>
            </param>
          </params>
          <reporter-output>
          </reporter-output>
        </test-method> <!-- putProductDescription -->
        <test-method is-config="true" signature="testSetup(java.lang.String, java.lang.String, java.lang.String, java.lang.String)[pri:0, instance:products.ProductTest@4206a205]" started-at="2022-09-20T20:47:39 CST" name="testSetup" description="Setup the customer endpoint to make the requests" finished-at="2022-09-20T20:47:39 CST" duration-ms="1" status="PASS">
          <params>
            <param index="0">
              <value>
                <![CDATA[http://0.0.0.0:8085/wp-json/wc/v3]]>
              </value>
            </param>
            <param index="1">
              <value>
                <![CDATA[/products]]>
              </value>
            </param>
            <param index="2">
              <value>
                <![CDATA[auto]]>
              </value>
            </param>
            <param index="3">
              <value>
                <![CDATA[auto]]>
              </value>
            </param>
          </params>
          <reporter-output>
          </reporter-output>
        </test-method> <!-- testSetup -->
        <test-method signature="deleteLastProduct(java.lang.String, java.lang.String)[pri:2, instance:products.ProductTest@4206a205]" started-at="2022-09-20T20:47:39 CST" name="deleteLastProduct" description="Deletes the last added product" finished-at="2022-09-20T20:47:40 CST" duration-ms="602" status="PASS">
          <params>
            <param index="0">
              <value>
                <![CDATA[desc]]>
              </value>
            </param>
            <param index="1">
              <value>
                <![CDATA[id]]>
              </value>
            </param>
          </params>
          <reporter-output>
          </reporter-output>
        </test-method> <!-- deleteLastProduct -->
      </class> <!-- products.ProductTest -->
      <class name="customers.CustomerTest">
        <test-method is-config="true" signature="testSetup(java.lang.String, java.lang.String, java.lang.String, java.lang.String)[pri:0, instance:customers.CustomerTest@6279cee3]" started-at="2022-09-20T20:47:33 CST" name="testSetup" description="Setup the customer endpoint to make the requests" finished-at="2022-09-20T20:47:34 CST" duration-ms="610" status="PASS">
          <params>
            <param index="0">
              <value>
                <![CDATA[http://0.0.0.0:8085/wp-json/wc/v3]]>
              </value>
            </param>
            <param index="1">
              <value>
                <![CDATA[/customers]]>
              </value>
            </param>
            <param index="2">
              <value>
                <![CDATA[auto]]>
              </value>
            </param>
            <param index="3">
              <value>
                <![CDATA[auto]]>
              </value>
            </param>
          </params>
          <reporter-output>
          </reporter-output>
        </test-method> <!-- testSetup -->
        <test-method signature="postCustomer(java.lang.String, java.lang.String, java.lang.String, java.lang.String, java.lang.String)[pri:0, instance:customers.CustomerTest@6279cee3]" started-at="2022-09-20T20:47:34 CST" name="postCustomer" description="Post a new customer to database and validates it was created" data-provider="CustomerFaker" finished-at="2022-09-20T20:47:35 CST" duration-ms="1177" status="PASS">
          <params>
            <param index="0">
              <value>
                <![CDATA[nelle.ziemann@example.com]]>
              </value>
            </param>
            <param index="1">
              <value>
                <![CDATA[Travis]]>
              </value>
            </param>
            <param index="2">
              <value>
                <![CDATA[Robel]]>
              </value>
            </param>
            <param index="3">
              <value>
                <![CDATA[colby.dibbert]]>
              </value>
            </param>
            <param index="4">
              <value>
                <![CDATA[kdtdc]]>
              </value>
            </param>
          </params>
          <reporter-output>
          </reporter-output>
        </test-method> <!-- postCustomer -->
        <test-method is-config="true" signature="testSetup(java.lang.String, java.lang.String, java.lang.String, java.lang.String)[pri:0, instance:customers.CustomerTest@6279cee3]" started-at="2022-09-20T20:47:35 CST" name="testSetup" description="Setup the customer endpoint to make the requests" finished-at="2022-09-20T20:47:35 CST" duration-ms="1" status="PASS">
          <params>
            <param index="0">
              <value>
                <![CDATA[http://0.0.0.0:8085/wp-json/wc/v3]]>
              </value>
            </param>
            <param index="1">
              <value>
                <![CDATA[/customers]]>
              </value>
            </param>
            <param index="2">
              <value>
                <![CDATA[auto]]>
              </value>
            </param>
            <param index="3">
              <value>
                <![CDATA[auto]]>
              </value>
            </param>
          </params>
          <reporter-output>
          </reporter-output>
        </test-method> <!-- testSetup -->
        <test-method signature="getCustomersByID(java.lang.String)[pri:1, instance:customers.CustomerTest@6279cee3]" started-at="2022-09-20T20:47:35 CST" name="getCustomersByID" description="Get Customers by ID" finished-at="2022-09-20T20:47:36 CST" duration-ms="594" status="PASS">
          <params>
            <param index="0">
              <value>
                <![CDATA[31]]>
              </value>
            </param>
          </params>
          <reporter-output>
          </reporter-output>
        </test-method> <!-- getCustomersByID -->
        <test-method is-config="true" signature="testSetup(java.lang.String, java.lang.String, java.lang.String, java.lang.String)[pri:0, instance:customers.CustomerTest@6279cee3]" started-at="2022-09-20T20:47:36 CST" name="testSetup" description="Setup the customer endpoint to make the requests" finished-at="2022-09-20T20:47:36 CST" duration-ms="1" status="PASS">
          <params>
            <param index="0">
              <value>
                <![CDATA[http://0.0.0.0:8085/wp-json/wc/v3]]>
              </value>
            </param>
            <param index="1">
              <value>
                <![CDATA[/customers]]>
              </value>
            </param>
            <param index="2">
              <value>
                <![CDATA[auto]]>
              </value>
            </param>
            <param index="3">
              <value>
                <![CDATA[auto]]>
              </value>
            </param>
          </params>
          <reporter-output>
          </reporter-output>
        </test-method> <!-- testSetup -->
        <test-method signature="getCustomersByQuantity(java.lang.String, java.lang.String)[pri:1, instance:customers.CustomerTest@6279cee3]" started-at="2022-09-20T20:47:36 CST" name="getCustomersByQuantity" description="Get Customers by quantity" finished-at="2022-09-20T20:47:36 CST" duration-ms="204" status="PASS">
          <params>
            <param index="0">
              <value>
                <![CDATA[1]]>
              </value>
            </param>
            <param index="1">
              <value>
                <![CDATA[customer]]>
              </value>
            </param>
          </params>
          <reporter-output>
          </reporter-output>
        </test-method> <!-- getCustomersByQuantity -->
        <test-method is-config="true" signature="testSetup(java.lang.String, java.lang.String, java.lang.String, java.lang.String)[pri:0, instance:customers.CustomerTest@6279cee3]" started-at="2022-09-20T20:47:36 CST" name="testSetup" description="Setup the customer endpoint to make the requests" finished-at="2022-09-20T20:47:36 CST" duration-ms="1" status="PASS">
          <params>
            <param index="0">
              <value>
                <![CDATA[http://0.0.0.0:8085/wp-json/wc/v3]]>
              </value>
            </param>
            <param index="1">
              <value>
                <![CDATA[/customers]]>
              </value>
            </param>
            <param index="2">
              <value>
                <![CDATA[auto]]>
              </value>
            </param>
            <param index="3">
              <value>
                <![CDATA[auto]]>
              </value>
            </param>
          </params>
          <reporter-output>
          </reporter-output>
        </test-method> <!-- testSetup -->
        <test-method signature="patchCustomerShippingAddress(java.lang.String, java.lang.String, java.lang.String, java.lang.String, java.lang.String, java.lang.String, java.lang.String, java.lang.String, java.lang.String, java.lang.String)[pri:1, instance:customers.CustomerTest@6279cee3]" started-at="2022-09-20T20:47:36 CST" name="patchCustomerShippingAddress" description="Patches an existing customer with a new shipping address" data-provider="ShippingAddress" finished-at="2022-09-20T20:47:37 CST" duration-ms="385" status="PASS">
          <params>
            <param index="0">
              <value>
                <![CDATA[155]]>
              </value>
            </param>
            <param index="1">
              <value>
                <![CDATA[Akira]]>
              </value>
            </param>
            <param index="2">
              <value>
                <![CDATA[Jimbo]]>
              </value>
            </param>
            <param index="3">
              <value>
                <![CDATA[Drum Co]]>
              </value>
            </param>
            <param index="4">
              <value>
                <![CDATA[1 Aeroport Way]]>
              </value>
            </param>
            <param index="5">
              <value>
                <![CDATA[306]]>
              </value>
            </param>
            <param index="6">
              <value>
                <![CDATA[Miami]]>
              </value>
            </param>
            <param index="7">
              <value>
                <![CDATA[Florida]]>
              </value>
            </param>
            <param index="8">
              <value>
                <![CDATA[33121]]>
              </value>
            </param>
            <param index="9">
              <value>
                <![CDATA[United States]]>
              </value>
            </param>
          </params>
          <reporter-output>
          </reporter-output>
        </test-method> <!-- patchCustomerShippingAddress -->
        <test-method is-config="true" signature="testSetup(java.lang.String, java.lang.String, java.lang.String, java.lang.String)[pri:0, instance:customers.CustomerTest@6279cee3]" started-at="2022-09-20T20:47:37 CST" name="testSetup" description="Setup the customer endpoint to make the requests" finished-at="2022-09-20T20:47:37 CST" duration-ms="0" status="PASS">
          <params>
            <param index="0">
              <value>
                <![CDATA[http://0.0.0.0:8085/wp-json/wc/v3]]>
              </value>
            </param>
            <param index="1">
              <value>
                <![CDATA[/customers]]>
              </value>
            </param>
            <param index="2">
              <value>
                <![CDATA[auto]]>
              </value>
            </param>
            <param index="3">
              <value>
                <![CDATA[auto]]>
              </value>
            </param>
          </params>
          <reporter-output>
          </reporter-output>
        </test-method> <!-- testSetup -->
        <test-method signature="putCustomerBillingAddress(java.lang.String, java.lang.String, java.lang.String, java.lang.String, java.lang.String, java.lang.String, java.lang.String, java.lang.String, java.lang.String, java.lang.String, java.lang.String, java.lang.String)[pri:1, instance:customers.CustomerTest@6279cee3]" started-at="2022-09-20T20:47:37 CST" name="putCustomerBillingAddress" description="Puts a new billing address into existing customer" data-provider="BillingAddress" finished-at="2022-09-20T20:47:37 CST" duration-ms="346" status="PASS">
          <params>
            <param index="0">
              <value>
                <![CDATA[11]]>
              </value>
            </param>
            <param index="1">
              <value>
                <![CDATA[Anila]]>
              </value>
            </param>
            <param index="2">
              <value>
                <![CDATA[Niles]]>
              </value>
            </param>
            <param index="3">
              <value>
                <![CDATA[Drum Co]]>
              </value>
            </param>
            <param index="4">
              <value>
                <![CDATA[1 Aeropost Way]]>
              </value>
            </param>
            <param index="5">
              <value>
                <![CDATA[306]]>
              </value>
            </param>
            <param index="6">
              <value>
                <![CDATA[Miami]]>
              </value>
            </param>
            <param index="7">
              <value>
                <![CDATA[Florida]]>
              </value>
            </param>
            <param index="8">
              <value>
                <![CDATA[33122]]>
              </value>
            </param>
            <param index="9">
              <value>
                <![CDATA[United States]]>
              </value>
            </param>
            <param index="10">
              <value>
                <![CDATA[ajimbo@mail.com]]>
              </value>
            </param>
            <param index="11">
              <value>
                <![CDATA[+12233445566]]>
              </value>
            </param>
          </params>
          <reporter-output>
          </reporter-output>
        </test-method> <!-- putCustomerBillingAddress -->
        <test-method signature="deleteLastCustomer(java.lang.String, java.lang.String, java.lang.String)[pri:2, instance:customers.CustomerTest@6279cee3]" started-at="2022-09-20T20:47:37 CST" name="deleteLastCustomer" description="Deletes the last added customer" finished-at="2022-09-20T20:47:38 CST" duration-ms="518" status="PASS">
          <params>
            <param index="0">
              <value>
                <![CDATA[desc]]>
              </value>
            </param>
            <param index="1">
              <value>
                <![CDATA[id]]>
              </value>
            </param>
            <param index="2">
              <value>
                <![CDATA[customer]]>
              </value>
            </param>
          </params>
          <reporter-output>
          </reporter-output>
        </test-method> <!-- deleteLastCustomer -->
        <test-method is-config="true" signature="testSetup(java.lang.String, java.lang.String, java.lang.String, java.lang.String)[pri:0, instance:customers.CustomerTest@6279cee3]" started-at="2022-09-20T20:47:37 CST" name="testSetup" description="Setup the customer endpoint to make the requests" finished-at="2022-09-20T20:47:37 CST" duration-ms="0" status="PASS">
          <params>
            <param index="0">
              <value>
                <![CDATA[http://0.0.0.0:8085/wp-json/wc/v3]]>
              </value>
            </param>
            <param index="1">
              <value>
                <![CDATA[/customers]]>
              </value>
            </param>
            <param index="2">
              <value>
                <![CDATA[auto]]>
              </value>
            </param>
            <param index="3">
              <value>
                <![CDATA[auto]]>
              </value>
            </param>
          </params>
          <reporter-output>
          </reporter-output>
        </test-method> <!-- testSetup -->
      </class> <!-- customers.CustomerTest -->
    </test> <!-- API Tests -->
  </suite> <!-- Regression -->
</testng-results>
