<?xml version="1.0" encoding="UTF-8"?>
<testsuite xmlns:xsi="http://www.w3.org/2001/XMLSchema-instance" xsi:noNamespaceSchemaLocation="https://maven.apache.org/surefire/maven-surefire-plugin/xsd/surefire-test-report-3.0.xsd" version="3.0" name="TestSuite" time="6.952" tests="11" errors="0" skipped="0" failures="0">
  <properties>
[...]
</properties>
  <testcase name="postCustomer" classname="customers.CustomerTest" time="1.179"/>
  <testcase name="getCustomersByID" classname="customers.CustomerTest" time="0.595"/>
  <testcase name="getCustomersByQuantity" classname="customers.CustomerTest" time="0.203"/>
  <testcase name="patchCustomerShippingAddress" classname="customers.CustomerTest" time="0.386"/>
  <testcase name="putCustomerBillingAddress" classname="customers.CustomerTest" time="0.346"/>
  <testcase name="deleteLastCustomer" classname="customers.CustomerTest" time="0.518"/>
  <testcase name="postProduct" classname="products.ProductTest" time="0.299"/>
  <testcase name="getProductsByQuantity" classname="products.ProductTest" time="0.2"/>
  <testcase name="patchProductName" classname="products.ProductTest" time="0.533"/>
  <testcase name="putProductDescription" classname="products.ProductTest" time="0.457"/>
  <testcase name="deleteLastProduct" classname="products.ProductTest" time="0.597"/>
</testsuite>